[1778054487.227][INFO]: Starting ChromeDriver 148.0.7778.97 (6b3fa66a923a9442c8ab0bc71b4b41ff24528d3b-refs/branch-heads/7778@{#1905}) on port 61106
[1778054487.227][INFO]: Please see https://chromedriver.chromium.org/security-considerations for suggestions on keeping ChromeDriver safe.
[1778054487.228][INFO]: ChromeDriver was started successfully on port 61106
[1778054487.233][INFO]: [cb60f3bdebd7641dcc6952683c1a931e] COMMAND InitSession {
   "capabilities": {
      "alwaysMatch": {
         "browserName": "chrome",
         "browserVersion": null,
         "goog:chromeOptions": {
            "args": [ "--user-data-dir=/Users/chaitanya/Library/Application Support/Google/Chrome", "--profile-directory=Default", "--no-first-run", "--no-default-browser-check", "--disable-background-networking", "--disable-sync" ],
            "binary": "/Applications/Google Chrome.app/Contents/MacOS/Google Chrome",
            "excludeSwitches": [ "enable-automation" ],
            "extensions": [  ],
            "useAutomationExtension": false
         },
         "pageLoadStrategy": "normal"
      },
      "firstMatch": [ {
      } ]
   }
}
[1778054487.233][WARNING]: Deprecated chrome option is ignored: useAutomationExtension
[1778054487.233][WARNING]: Deprecated chrome option is ignored: useAutomationExtension
[1778054487.233][INFO]: Populating Preferences file: {
   "NewTabPage": {
      "PrevNavigationTime": "13422527837808714"
   },
   "accessibility": {
      "captions": {
         "headless_caption_enabled": false
      }
   },
   "account_tracker_service_last_update": "13422527481772076",
   "ack_existing_ntp_extensions": true,
   "aim_eligibility_service": {
      "aim_eligibility_response": "CAAQARgAIAAwAToAQg0KCQoDdWRtEgI1MBABSAFQAA=="
   },
   "alternate_error_pages": {
      "enabled": false
   },
   "autocomplete": {
      "retention_policy_last_version": 148
   },
   "autofill": {
      "last_version_deduped": 148
   },
   "bookmark": {
      "storage_computation_last_update": "13422527481741568"
   },
   "browser": {
      "check_default_browser": false,
      "window_placement": {
         "bottom": 1096,
         "left": 0,
         "maximized": false,
         "right": 1694,
         "top": 39,
         "work_area_bottom": 1112,
         "work_area_left": 0,
         "work_area_right": 1710,
         "work_area_top": 39
      }
   },
   "commerce_daily_metrics_last_update_time": "13422527481741838",
   "countryid_at_install": 18766,
   "distribution": {
      "import_bookmarks": false,
      "import_history": false,
      "import_search_engine": false,
      "make_chrome_default_for_user": false,
      "skip_first_run_ui": true
   },
   "dns_prefetching": {
      "enabled": false
   },
   "domain_diversity": {
      "last_reporting_timestamp": "13422527481741962",
      "last_reporting_timestamp_v4": "13422527481741963"
   },
   "enterprise_profile_guid": "53738618-2386-456b-9433-0a66c3c3b03c",
   "extensions": {
      "alerts": {
         "initialized": true
      },
      "chrome_url_overrides": {
      }
   },
   "gaia_cookie": {
      "changed_time": 1778053883.251585,
      "hash": "2jmj7l5rSw0yVb/vlWAYkK/YBwk=",
      "last_list_accounts_binary_data": "",
      "periodic_report_time_2": "13422527481003481"
   },
   "gcm": {
      "product_category_for_subtypes": "com.chrome.macosx"
   },
   "google": {
      "services": {
         "signin_scoped_device_id": "d3b5696e-32b1-4e19-9f9b-dd61592796a6"
      }
   },
   "in_product_help": {
      "recent_session_enabled_time": "13422527481018324",
      "recent_session_start_times": [ "13422527481018324" ],
      "session_last_active_time": "13422527852717695",
      "session_number": 2,
      "session_start_time": "13422527481018324"
   },
   "intl": {
      "selected_languages": "en-GB,en-US,en"
   },
   "invalidation": {
      "per_sender_registered_for_invalidation": {
         "1013309121859": {
         },
         "947318989803": {
         }
      }
   },
   "language_model_counters": {
      "en": 1
   },
   "media": {
      "engagement": {
         "schema_version": 5
      }
   },
   "media_router": {
      "receiver_id_hash_token": "PFilqGVf2l2XdVR0wy95q/JCTM8+J758Avsf3kiri+zYEm0VO81l7xwnbcBOklEg1vBupq93QPz7xZw8WVcKyw=="
   },
   "ntp": {
      "compose_button": {
         "shown_count": 1
      },
      "last_shortcuts_staleness_update": "13422527482151537",
      "num_personal_suggestions": 1
   },
   "optimization_guide": {
      "hintsfetcher": {
         "hosts_successfully_fetched": {
         }
      },
      "previously_registered_optimization_types": {
         "ABOUT_THIS_SITE": true,
         "AUTOFILL_ACTOR_IFRAME_ORIGIN_ALLOWLIST": true,
         "DIGITAL_CREDENTIALS_LOW_FRICTION": true,
         "GLIC_ACTION_PAGE_BLOCK": true,
         "GLIC_CONTEXTUAL_CUEING": true,
         "GLIC_ZERO_STATE_SUGGESTIONS": true,
         "HISTORY_CLUSTERS": true,
         "LENS_OVERLAY_EDU_ACTION_CHIP_ALLOWLIST": true,
         "LENS_OVERLAY_EDU_ACTION_CHIP_BLOCKLIST": true,
         "LOADING_PREDICTOR": true,
         "MERCHANT_TRUST_SIGNALS_V2": true,
         "PAGE_ENTITIES": true,
         "PRICE_TRACKING": true,
         "SALIENT_IMAGE": true,
         "SAVED_TAB_GROUP": true,
         "V8_COMPILE_HINTS": true
      }
   },
   "privacy_sandbox": {
      "first_party_sets_data_access_allowed_initialized": true
   },
   "profile": {
      "avatar_index": 26,
      "background_password_check": {
         "check_fri_weight": 9,
         "check_interval": "2592000000000",
         "check_mon_weight": 6,
         "check_sat_weight": 6,
         "check_sun_weight": 6,
         "check_thu_weight": 9,
         "check_tue_weight": 9,
         "check_wed_weight": 9,
         "next_check_time": "13424975793162009"
      },
      "content_settings": {
         "exceptions": {
            "3pcd_heuristics_grants": {
            },
            "abusive_notification_permissions": {
            },
            "access_to_get_all_screens_media_in_session": {
            },
            "anti_abuse": {
            },
            "app_banner": {
            },
            "ar": {
            },
            "are_suspicious_notifications_allowlisted_by_user": {
            },
            "auto_picture_in_picture": {
            },
            "auto_select_certificate": {
            },
            "automatic_downloads": {
            },
            "automatic_fullscreen": {
            },
            "autoplay": {
            },
            "background_sync": {
            },
            "bluetooth_chooser_data": {
            },
            "bluetooth_guard": {
            },
            "bluetooth_scanning": {
            },
            "camera_pan_tilt_zoom": {
            },
            "captured_surface_control": {
            },
            "client_hints": {
            },
            "clipboard": {
            },
            "controlled_frame": {
            },
            "cookie_controls_metadata": {
               "https://[*.]district.in,*": {
                  "last_modified": "13422527620444200",
                  "setting": {
                  }
               }
            },
            "cookies": {
            },
            "direct_sockets": {
            },
            "direct_sockets_private_network_access": {
            },
            "display_media_system_audio": {
            },
            "disruptive_notification_permissions": {
            },
            "durable_storage": {
            },
            "fedcm_idp_registration": {
            },
            "fedcm_idp_signin": {
               "https://accounts.google.com:443,*": {
                  "last_modified": "13422527483252005",
                  "setting": {
                     "chosen-objects": [ {
                        "idp-origin": "https://accounts.google.com",
                        "idp-signin-status": false
                     } ]
                  }
               }
            },
            "fedcm_share": {
            },
            "file_system_access_chooser_data": {
            },
            "file_system_access_extended_permission": {
            },
            "file_system_access_restore_permission": {
            },
            "file_system_last_picked_directory": {
            },
            "file_system_read_guard": {
            },
            "file_system_write_guard": {
            },
            "formfill_metadata": {
            },
            "geolocation": {
            },
            "geolocation_with_options": {
            },
            "hand_tracking": {
            },
            "has_migrated_local_network_access": true,
            "hid_chooser_data": {
            },
            "hid_guard": {
            },
            "http_allowed": {
            },
            "https_enforced": {
            },
            "idle_detection": {
            },
            "images": {
            },
            "important_site_info": {
            },
            "initialized_translations": {
            },
            "intent_picker_auto_display": {
            },
            "javascript": {
            },
            "javascript_jit": {
            },
            "javascript_optimizer": {
            },
            "keyboard_lock": {
            },
            "legacy_cookie_access": {
            },
            "legacy_cookie_scope": {
            },
            "local_fonts": {
            },
            "local_network": {
            },
            "local_network_access": {
            },
            "loopback_network": {
            },
            "media_engagement": {
               "https://www.district.in:443,*": {
                  "expiration": "13430303625854631",
                  "last_modified": "13422527625854638",
                  "lifetime": "7776000000000",
                  "setting": {
                     "hasHighScore": false,
                     "lastMediaPlaybackTime": 0.0,
                     "mediaPlaybacks": 0,
                     "visits": 1
                  }
               }
            },
            "media_stream_camera": {
            },
            "media_stream_mic": {
            },
            "midi_sysex": {
            },
            "mixed_script": {
            },
            "nfc_devices": {
            },
            "notification_interactions": {
            },
            "notification_permission_review": {
            },
            "notifications": {
            },
            "ondevice_languages_downloaded": {
            },
            "password_protection": {
            },
            "payment_handler": {
            },
            "permission_actions_history": {
            },
            "permission_autoblocking_data": {
            },
            "permission_autorevocation_data": {
            },
            "pointer_lock": {
            },
            "popups": {
            },
            "protocol_handler": {
            },
            "reduced_accept_language": {
            },
            "safe_browsing_url_check_data": {
            },
            "sensors": {
            },
            "serial_chooser_data": {
            },
            "serial_guard": {
            },
            "site_engagement": {
               "chrome://newtab/,*": {
                  "last_modified": "13422527837907267",
                  "setting": {
                     "lastEngagementTime": 1.3422527837907256e+16,
                     "lastShortcutLaunchTime": 0.0,
                     "pointsAddedToday": 9.0,
                     "rawScore": 9.0
                  }
               },
               "https://www.district.in:443,*": {
                  "last_modified": "13422527620446002",
                  "setting": {
                     "lastEngagementTime": 1.3422527620445996e+16,
                     "lastShortcutLaunchTime": 0.0,
                     "pointsAddedToday": 3.0,
                     "rawScore": 3.0
                  }
               }
            },
            "sound": {
            },
            "speaker_selection": {
            },
            "ssl_cert_decisions": {
            },
            "storage_access": {
            },
            "storage_access_header_origin_trial": {
            },
            "subresource_filter": {
            },
            "subresource_filter_data": {
            },
            "suspicious_notification_ids": {
            },
            "suspicious_notification_show_original": {
            },
            "top_level_storage_access": {
            },
            "unused_site_permissions": {
            },
            "usb_chooser_data": {
            },
            "usb_guard": {
            },
            "vr": {
            },
            "web_app_installation": {
            },
            "webid_api": {
            },
            "webid_auto_reauthn": {
            },
            "window_placement": {
            }
         },
         "pattern_pairs": {
            "https://*,*": {
               "media-stream": {
                  "audio": "Default",
                  "video": "Default"
               }
            }
         },
         "pref_version": 1
      },
      "creation_time": "13422527480206566",
      "default_content_setting_values": {
         "geolocation": 1,
         "has_migrated_local_network_access": true
      },
      "default_content_settings": {
         "geolocation": 1,
         "mouselock": 1,
         "notifications": 1,
         "popups": 1,
         "ppapi-broker": 1
      },
      "exit_type": "Crashed",
      "family_member_role": "not_in_family",
      "last_engagement_time": "13422527837907256",
      "last_time_password_store_metrics_reported": 1778053911.004246,
      "managed": {
         "locally_parent_approved_extensions": {
         },
         "locally_parent_approved_extensions_migration_state": 1
      },
      "managed_user_id": "",
      "name": "Your Chrome",
      "password_hash_data_list": [  ],
      "password_manager_enabled": false
   },
   "safebrowsing": {
      "enabled": false,
      "event_timestamps": {
      },
      "metrics_last_log_time": "13422527481",
      "scout_reporting_enabled_when_deprecated": false
   },
   "safety_hub": {
      "unused_site_permissions_revocation": {
         "migration_completed": true
      }
   },
   "saved_tab_groups": {
      "did_enable_shared_tab_groups_in_last_session": false,
      "specifics_to_data_migration": true
   },
   "search": {
      "suggest_enabled": false
   },
   "segmentation_platform": {
      "client_result_prefs": "ClIKDXNob3BwaW5nX3VzZXISQQo2DQAAAAAQvanZtvv26xcaJAocChoNAAAAPxIMU2hvcHBpbmdVc2VyGgVPdGhlchIEEAIYBCADEPWp2bb79usX",
      "last_db_compaction_time": "13422412799000000",
      "uma_in_sql_start_time": "13422527481014726"
   },
   "sessions": {
      "event_log": [ {
         "crashed": false,
         "time": "13422527481004806",
         "type": 0
      }, {
         "did_schedule_command": true,
         "first_session_service": true,
         "tab_count": 1,
         "time": "13422527519071643",
         "type": 2,
         "window_count": 1
      }, {
         "crashed": false,
         "time": "13422527537961453",
         "type": 0
      }, {
         "did_schedule_command": true,
         "first_session_service": true,
         "tab_count": 1,
         "time": "13422527582051776",
         "type": 2,
         "window_count": 1
      }, {
         "crashed": false,
         "time": "13422527600644028",
         "type": 0
      }, {
         "did_schedule_command": true,
         "first_session_service": true,
         "tab_count": 1,
         "time": "13422527625836121",
         "type": 2,
         "window_count": 1
      }, {
         "crashed": false,
         "time": "13422527666457159",
         "type": 0
      }, {
         "did_schedule_command": true,
         "first_session_service": true,
         "tab_count": 1,
         "time": "13422527726272712",
         "type": 2,
         "window_count": 1
      }, {
         "crashed": false,
         "time": "13422527837707043",
         "type": 0
      } ],
      "session_data_status": 1
   },
   "settings": {
      "force_google_safesearch": false
   },
   "signin": {
      "accounts_metadata_dict": {
      },
      "allowed": true
   },
   "site_search_settings": {
      "overridden_keywords": [  ]
   },
   "syncing_theme_prefs_migrated_to_non_syncing": true,
   "tab_search": {
      "pinned_to_tabstrip": true,
      "pinned_to_tabstrip_migration_complete": true
   },
   "toolbar": {
      "pinned_cast_migration_complete": true,
      "pinned_chrome_labs_migration_complete": true,
      "tab_search_migration_complete": true
   },
   "total_passwords_available_for_account": 0,
   "total_passwords_available_for_profile": 0,
   "translate": {
      "enabled": false
   },
   "translate_site_blacklist": [  ],
   "translate_site_blocklist_with_time": {
   },
   "web_apps": {
      "did_migrate_default_chrome_apps": [ "MigrateDefaultChromeAppToWebAppsGSuite", "MigrateDefaultChromeAppToWebAppsNonGSuite" ],
      "last_preinstall_synchronize_version": "148"
   },
   "webauthn": {
      "touchid": {
         "metadata_secret": "gEVe1odABzZWLBCGYV8w+Baq2tJUDtvVdejMTlgZ/6A="
      }
   }
}
[1778054487.234][INFO]: Populating Local State file: {
   "autofill": {
      "ablation_seed": "qX3s2QZA5bM="
   },
   "background_mode": {
      "enabled": false
   },
   "breadcrumbs": {
      "enabled": false,
      "enabled_time": "13422527480975611"
   },
   "browser": {
      "whats_new": {
         "enabled_order": [ "SyncAccountSettings" ]
      }
   },
   "hardware_acceleration_mode_previous": true,
   "legacy": {
      "profile": {
         "name": {
            "migrated": true
         }
      }
   },
   "local": {
      "password_hash_data_list": [  ]
   },
   "management": {
      "platform": {
         "enterprise_mdm_mac": 0
      }
   },
   "network_time": {
      "network_time_mapping": {
         "local": 1.778053881971184e+12,
         "network": 1.778053882079e+12,
         "ticks": 12598680722.0,
         "uncertainty": 10136545.0
      }
   },
   "optimization_guide": {
      "model_cache_key_mapping": {
         "13A3BFD4A403A877EC": "4F40902F3B6AE19A",
         "15A3BFD4A403A877EC": "4F40902F3B6AE19A",
         "20A3BFD4A403A877EC": "4F40902F3B6AE19A",
         "24A3BFD4A403A877EC": "A3BFD4A403A877EC",
         "25A3BFD4A403A877EC": "4F40902F3B6AE19A",
         "26A3BFD4A403A877EC": "4F40902F3B6AE19A",
         "2A3BFD4A403A877EC": "4F40902F3B6AE19A",
         "43A3BFD4A403A877EC": "4F40902F3B6AE19A",
         "45A3BFD4A403A877EC": "4F40902F3B6AE19A",
         "9A3BFD4A403A877EC": "4F40902F3B6AE19A"
      },
      "model_execution": {
         "last_usage_by_feature": {
         }
      },
      "model_store_metadata": {
         "13": {
            "4F40902F3B6AE19A": {
               "et": "13425119494639245",
               "kbvd": false,
               "mbd": "13/A3BFD4A403A877EC/68903405D4E350AE",
               "v": "1673999601"
            }
         },
         "15": {
            "4F40902F3B6AE19A": {
               "et": "13425119500054101",
               "kbvd": true,
               "mbd": "15/A3BFD4A403A877EC/89E1394ED1279847",
               "v": "5"
            }
         },
         "2": {
            "4F40902F3B6AE19A": {
               "et": "13425119493987478",
               "kbvd": true,
               "mbd": "2/A3BFD4A403A877EC/3A8A275DE63B4910",
               "v": "1679317318"
            }
         },
         "20": {
            "4F40902F3B6AE19A": {
               "et": "13425119495169424",
               "kbvd": false,
               "mbd": "20/A3BFD4A403A877EC/57A292E5DE69427B",
               "v": "1776093095"
            }
         },
         "24": {
            "A3BFD4A403A877EC": {
               "et": "13425119501264269",
               "kbvd": false,
               "mbd": "24/A3BFD4A403A877EC/9A76FC09E22D7858",
               "v": "1728324084"
            }
         },
         "25": {
            "4F40902F3B6AE19A": {
               "et": "13425119502849702",
               "kbvd": false,
               "mbd": "25/A3BFD4A403A877EC/DE7960DA2B970D00",
               "v": "1774969334"
            }
         },
         "26": {
            "4F40902F3B6AE19A": {
               "et": "13434623501536715",
               "kbvd": false,
               "mbd": "26/A3BFD4A403A877EC/39EB0AB95208613B",
               "v": "1696268326"
            }
         },
         "43": {
            "4F40902F3B6AE19A": {
               "et": "13425119515469090",
               "kbvd": false,
               "mbd": "43/A3BFD4A403A877EC/6EF5D488C464D830",
               "v": "1770062312"
            }
         },
         "45": {
            "4F40902F3B6AE19A": {
               "et": "13425119503076014",
               "kbvd": false,
               "mbd": "45/A3BFD4A403A877EC/CD5699BB69B560F7",
               "v": "240731042075"
            }
         },
         "9": {
            "4F40902F3B6AE19A": {
               "et": "13425119493660042",
               "kbvd": false,
               "mbd": "9/A3BFD4A403A877EC/C45D1B2721118869",
               "v": "1776093117"
            }
         }
      },
      "on_device": {
         "last_version": "148.0.7778.97",
         "model_crash_count": 0
      },
      "predictionmodelfetcher": {
         "last_fetch_attempt": "13422527847706045",
         "last_fetch_success": "13422527848304360"
      }
   },
   "performance_intervention": {
      "last_daily_sample": "13422527481112866"
   },
   "performance_tuning": {
      "last_battery_use": {
         "timestamp": "13422527481112932"
      }
   },
   "policy": {
      "last_statistics_update": "13422527480973565"
   },
   "profile": {
      "info_cache": {
         "Default": {
            "active_time": 1778053881.105531,
            "avatar_icon": "chrome://theme/IDR_PROFILE_AVATAR_26",
            "background_apps": false,
            "default_avatar_fill_color": -14737376,
            "default_avatar_stroke_color": -3684409,
            "enterprise_label": "",
            "force_signin_profile_locked": false,
            "gaia_given_name": "",
            "gaia_id": "",
            "gaia_name": "",
            "hosted_domain": "",
            "is_consented_primary_account": false,
            "is_ephemeral": false,
            "is_glic_eligible": false,
            "is_managed": 0,
            "is_using_default_avatar": true,
            "is_using_default_name": true,
            "managed_user_id": "",
            "metrics_bucket_index": 1,
            "name": "Your Chrome",
            "profile_color_seed": -5715974,
            "profile_highlight_color": -14737376,
            "signin.with_credential_provider": false,
            "user_name": ""
         }
      },
      "last_active_profiles": [ "Default" ],
      "last_used": "Default",
      "metrics": {
         "next_bucket_index": 2
      },
      "profile_counts_reported": "13422527480978081",
      "profiles_order": [ "Default" ]
   },
   "profile_network_context_service": {
      "http_cache_finch_experiment_groups": "None None None None"
   },
   "session_id_generator_last_value": "278489357",
   "signin": {
      "active_accounts_last_emitted": "13422527480933373"
   },
   "ssl": {
      "rev_checking": {
         "enabled": false
      }
   },
   "subresource_filter": {
      "ruleset_version": {
         "checksum": 0,
         "content": "",
         "format": 0
      }
   },
   "tab_stats": {
      "discards_external": 0,
      "discards_frozen": 0,
      "discards_proactive": 0,
      "discards_suggested": 0,
      "discards_urgent": 0,
      "last_daily_sample": "13422527480964254",
      "max_tabs_per_window": 1,
      "reloads_external": 0,
      "reloads_frozen": 0,
      "reloads_proactive": 0,
      "reloads_suggested": 0,
      "reloads_urgent": 0,
      "total_tab_count_max": 1,
      "window_count_max": 1
   },
   "toast": {
      "non_milestone_update_toast_version": "148.0.7778.97"
   },
   "ukm": {
      "persisted_logs": [  ]
   },
   "uninstall_metrics": {
      "installation_date2": "1778053880"
   },
   "updateclientdata": {
      "apps": {
         "{cd7cc169-013a-4c79-94bc-cf5c8d78cccf}": {
            "cohort": "1:3g5f:",
            "cohortname": "Auto",
            "dla": 7065,
            "dlrc": 7065,
            "installdate": 7065,
            "pf": "17ecf109-f679-40cd-9546-8a4c4501d6ab"
         }
      }
   },
   "user_experience_metrics": {
      "limited_entropy_randomization_source": "B645A064ECAF79CB54CEADA210B40C57",
      "low_entropy_source3": 7550,
      "machine_id": 14320312,
      "provisional_client_id": "aff177ae-2efc-498e-8b51-e7c4de18e291",
      "pseudo_low_entropy_source": 7709,
      "session_id": 4,
      "stability": {
         "browser_last_live_timestamp": "13422527837637671",
         "exited_cleanly": true,
         "stats_buildtime": "1777410377",
         "stats_version": "148.0.7778.97-64"
      }
   },
   "variations_google_groups": {
      "Default": [  ]
   },
   "was": {
      "restarted": false
   }
}
[1778054487.234][INFO]: ChromeDriver supports communication with Chrome via pipes. This is more reliable and more secure.
[1778054487.234][INFO]: Use the --remote-debugging-pipe Chrome switch instead of the default --remote-debugging-port to enable this communication mode.
[1778054487.234][INFO]: Launching chrome: /Applications/Google Chrome.app/Contents/MacOS/Google Chrome --allow-pre-commit-input --disable-background-networking --disable-background-timer-throttling --disable-backgrounding-occluded-windows --disable-client-side-phishing-detection --disable-default-apps --disable-features=IgnoreDuplicateNavs,Prewarm --disable-hang-monitor --disable-popup-blocking --disable-prompt-on-repost --disable-sync --enable-logging=stderr --log-level=0 --no-default-browser-check --no-first-run --no-service-autorun --password-store=basic --profile-directory=Default --remote-debugging-port=0 --test-type=webdriver --use-mock-keychain --user-data-dir=/Users/chaitanya/Library/Application Support/Google/Chrome
[86715:426185:0506/133127.470877:INFO:components/enterprise/browser/controller/chrome_browser_cloud_management_controller.cc:238] No machine level policy manager exists.

DevTools remote debugging requires a non-default data directory. Specify this using --user-data-dir.
Created TensorFlow Lite XNNPACK delegate for CPU.
Trying to load the allocator multiple times. This is *not* supported.
[86715:426254:0506/133130.201509:ERROR:google_apis/gcm/engine/registration_request.cc:291] Registration response error message: DEPRECATED_ENDPOINT
[86715:426185:0506/133133.016270:ERROR:chrome/browser/ui/webui/ntp/new_tab_ui.cc:54] Requested load of chrome://newtab/ for incorrect profile type.
[86715:426185:0506/133137.285872:ERROR:chrome/browser/ui/webui/ntp/new_tab_ui.cc:54] Requested load of chrome://newtab/ for incorrect profile type.
[86715:426185:0506/133140.316223:ERROR:chrome/browser/ui/webui/ntp/new_tab_ui.cc:54] Requested load of chrome://newtab/ for incorrect profile type.
[86925:427297:0506/133146.557732:VERBOSE1:chrome/updater/updater.cc:352] Version: 149.0.7814.0, opt, ARM_64, command line: /Users/chaitanya/Library/Application Support/Google/GoogleUpdater/149.0.7814.0/GoogleUpdater.app/Contents/MacOS/GoogleUpdater --wake-all --enable-logging --vmodule=*/components/update_client/*=2,*/chrome/enterprise_companion/*=2,*/chrome/updater/*=2
[86925:427297:0506/133146.557875:VERBOSE1:chrome/updater/updater.cc:355] OS version: 26.4.1, arch: arm64, System uptime (seconds): 13223, parent pid: 86715
[86925:427297:0506/133146.559588:VERBOSE2:chrome/updater/event_history.cc:265] Emitted a UPDATER_PROCESS START event to the history log
[86927:427301:0506/133146.566054:VERBOSE1:chrome/updater/updater.cc:352] Version: 149.0.7814.0, opt, ARM_64, command line: /Users/chaitanya/Library/Application Support/Google/GoogleUpdater/149.0.7814.0/GoogleUpdater.app/Contents/MacOS/GoogleUpdater --crash-handler --database=/Users/chaitanya/Library/Application Support/Google/GoogleUpdater/149.0.7814.0/Crashpad --url=https://clients2.google.com/cr/report --annotation=prod=Update4 --annotation=ver=149.0.7814.0 --handshake-fd=6 --enable-logging --vmodule=*/components/update_client/*=2,*/chrome/enterprise_companion/*=2,*/chrome/updater/*=2
[86927:427301:0506/133146.566211:VERBOSE1:chrome/updater/updater.cc:355] OS version: 26.4.1, arch: arm64, System uptime (seconds): 13223, parent pid: 1
[86927:427301:0506/133146.567631:VERBOSE2:chrome/updater/event_history.cc:265] Emitted a UPDATER_PROCESS START event to the history log
[86925:427297:0506/133146.567933:VERBOSE1:chrome/updater/crash_reporter.cc:124] Crash handler launched and ready.
[86925:427297:0506/133146.568391:VERBOSE1:chrome/updater/crash_client.cc:108] Found 0 completed crash reports
[86925:427297:0506/133146.568443:VERBOSE1:chrome/updater/crash_client.cc:132] Found 0 pending crash reports
[86925:427297:0506/133146.568498:ERROR:third_party/crashpad/crashpad/util/file/file_io_posix.cc:145] open /Users/chaitanya/Library/Application Support/Google/RLZ/Crashpad/settings.dat: No such file or directory (2)
[86925:427297:0506/133146.568506:ERROR:third_party/crashpad/crashpad/util/file/file_io_posix.cc:145] open /Users/chaitanya/Library/Application Support/Google/consentOptions/Crashpad/settings.dat: No such file or directory (2)
[86925:427297:0506/133146.568527:ERROR:third_party/crashpad/crashpad/util/file/file_io_posix.cc:145] open /Users/chaitanya/Library/Application Support/Google/AndroidStudio2025.3.4/Crashpad/settings.dat: No such file or directory (2)
[86925:427297:0506/133146.568656:VERBOSE1:chrome/updater/updater.cc:103] Crash reporting initialized.
[86925:427309:0506/133146.568853:VERBOSE1:chrome/updater/app/app_wakeall.cc:58] Launching `/Users/chaitanya/Library/Application Support/Google/GoogleUpdater/149.0.7814.0/GoogleUpdater.app/Contents/MacOS/GoogleUpdater --wake`
[86928:427313:0506/133146.574323:VERBOSE1:chrome/updater/updater.cc:352] Version: 149.0.7814.0, opt, ARM_64, command line: /Users/chaitanya/Library/Application Support/Google/GoogleUpdater/149.0.7814.0/GoogleUpdater.app/Contents/MacOS/GoogleUpdater --wake --enable-logging --vmodule=*/components/update_client/*=2,*/chrome/enterprise_companion/*=2,*/chrome/updater/*=2
[86928:427313:0506/133146.574441:VERBOSE1:chrome/updater/updater.cc:355] OS version: 26.4.1, arch: arm64, System uptime (seconds): 13223, parent pid: 86925
[86928:427313:0506/133146.575787:VERBOSE2:chrome/updater/event_history.cc:265] Emitted a UPDATER_PROCESS START event to the history log
[86930:427318:0506/133146.581778:VERBOSE1:chrome/updater/updater.cc:352] Version: 149.0.7814.0, opt, ARM_64, command line: /Users/chaitanya/Library/Application Support/Google/GoogleUpdater/149.0.7814.0/GoogleUpdater.app/Contents/MacOS/GoogleUpdater --crash-handler --database=/Users/chaitanya/Library/Application Support/Google/GoogleUpdater/149.0.7814.0/Crashpad --url=https://clients2.google.com/cr/report --annotation=prod=Update4 --annotation=ver=149.0.7814.0 --handshake-fd=6 --enable-logging --vmodule=*/components/update_client/*=2,*/chrome/enterprise_companion/*=2,*/chrome/updater/*=2
[86930:427318:0506/133146.581895:VERBOSE1:chrome/updater/updater.cc:355] OS version: 26.4.1, arch: arm64, System uptime (seconds): 13223, parent pid: 1
[86930:427318:0506/133146.583232:VERBOSE2:chrome/updater/event_history.cc:265] Emitted a UPDATER_PROCESS START event to the history log
[86928:427313:0506/133146.583515:VERBOSE1:chrome/updater/crash_reporter.cc:124] Crash handler launched and ready.
[86928:427313:0506/133146.583948:VERBOSE1:chrome/updater/crash_client.cc:108] Found 0 completed crash reports
[86928:427313:0506/133146.583996:VERBOSE1:chrome/updater/crash_client.cc:132] Found 0 pending crash reports
[86928:427313:0506/133146.584045:ERROR:third_party/crashpad/crashpad/util/file/file_io_posix.cc:145] open /Users/chaitanya/Library/Application Support/Google/RLZ/Crashpad/settings.dat: No such file or directory (2)
[86928:427313:0506/133146.584053:ERROR:third_party/crashpad/crashpad/util/file/file_io_posix.cc:145] open /Users/chaitanya/Library/Application Support/Google/consentOptions/Crashpad/settings.dat: No such file or directory (2)
[86928:427313:0506/133146.584072:ERROR:third_party/crashpad/crashpad/util/file/file_io_posix.cc:145] open /Users/chaitanya/Library/Application Support/Google/AndroidStudio2025.3.4/Crashpad/settings.dat: No such file or directory (2)
[86928:427313:0506/133146.584193:VERBOSE1:chrome/updater/updater.cc:103] Crash reporting initialized.
[86928:427313:0506/133146.584295:VERBOSE1:chrome/updater/ipc/update_service_internal_proxy_mojo.cc:61] Run
[86715:426185:0506/133152.927857:ERROR:chrome/browser/ui/webui/ntp/new_tab_ui.cc:54] Requested load of chrome://newtab/ for incorrect profile type.
[86715:426254:0506/133154.269093:ERROR:google_apis/gcm/engine/registration_request.cc:291] Registration response error message: DEPRECATED_ENDPOINT
[86715:426185:0506/133157.416083:ERROR:chrome/browser/ui/webui/ntp/new_tab_ui.cc:54] Requested load of chrome://newtab/ for incorrect profile type.
[86715:426185:0506/133202.950963:ERROR:chrome/browser/ui/webui/ntp/new_tab_ui.cc:54] Requested load of chrome://newtab/ for incorrect profile type.
[86928:427313:0506/133203.190739:VERBOSE1:chrome/updater/app/app.cc:52] Shutdown: 0
[86928:427313:0506/133203.191239:VERBOSE2:chrome/updater/event_history.cc:265] Emitted a UPDATER_PROCESS END event to the history log
[86928:427313:0506/133203.191263:VERBOSE1:chrome/updater/updater.cc:390] UpdaterMain (--wake) returned 0.
[86925:427309:0506/133203.408218:VERBOSE1:chrome/updater/app/app_wakeall.cc:68] `/Users/chaitanya/Library/Application Support/Google/GoogleUpdater/149.0.7814.0/GoogleUpdater.app/Contents/MacOS/GoogleUpdater --wake` exited 0
[86925:427297:0506/133203.408490:VERBOSE1:chrome/updater/app/app.cc:52] Shutdown: 0
[86925:427297:0506/133203.409013:VERBOSE2:chrome/updater/event_history.cc:265] Emitted a UPDATER_PROCESS END event to the history log
[86925:427297:0506/133203.409040:VERBOSE1:chrome/updater/updater.cc:390] UpdaterMain (--wake-all) returned 0.
[86715:426185:0506/133209.614177:INFO:CONSOLE:0] "[DOM] Password field is not contained in a form: (More info: https://goo.gl/9p2vKq) %o", source: https://accounts.google.com/v3/signin/identifier?continue=https://accounts.google.com/signin/chrome/sync/finish?est%3DABaQcjZSaxZ8s0brJbME8UNBI12YBiLsvujvRQac-1uaF2_nCdfFhqKXXF-YexA6wy8VdMCC3GSCHHyH17-27g%26continue%3Dhttps://www.google.com/&ssp=1&theme=mn&flowName=GlifDesktopChromeSync&dsh=S-1524260603:1778054527425910 (0)
[86715:426185:0506/133209.618539:INFO:CONSOLE:543] "%c%s color: red; background: yellow; font-size: 24px; WARNING!", source: https://www.gstatic.com/_/mss/boq-identity/_/js/k=boq-identity.AccountsSignInUi.en_US.LR4tOoY_RrE.es5.O/am=Kd8AAAChEAVCBgDj__8GAAiAIGrg9SwATSA6AAAAAAAAAABgAQAAGgE/d=1/excm=_b,_tp,identifierview/ed=1/dg=0/wt=2/ujg=1/rs=AOaEmlEqUCWiItXtQaGqRSZ4uuDuUSXh2A/dti=1/m=_b,_tp (543)
[86715:426185:0506/133209.618564:INFO:CONSOLE:543] "%c%s font-size: 18px; Using this console may allow attackers to impersonate you and steal your information using an attack called Self-XSS.
Do not enter or paste code that you do not understand.", source: https://www.gstatic.com/_/mss/boq-identity/_/js/k=boq-identity.AccountsSignInUi.en_US.LR4tOoY_RrE.es5.O/am=Kd8AAAChEAVCBgDj__8GAAiAIGrg9SwATSA6AAAAAAAAAABgAQAAGgE/d=1/excm=_b,_tp,identifierview/ed=1/dg=0/wt=2/ujg=1/rs=AOaEmlEqUCWiItXtQaGqRSZ4uuDuUSXh2A/dti=1/m=_b,_tp (543)
[86715:426185:0506/133210.638514:WARNING:services/device/public/cpp/hid/hid_collection.cc:250] encountered report item with invalid report size (16384>32)
[86715:426185:0506/133210.638553:WARNING:services/device/public/cpp/hid/hid_collection.cc:250] encountered report item with invalid report size (16384>32)
[86715:426185:0506/133210.638580:WARNING:services/device/public/cpp/hid/hid_collection.cc:250] encountered report item with invalid report size (16384>32)
[86715:426185:0506/133210.638604:WARNING:services/device/public/cpp/hid/hid_collection.cc:250] encountered report item with invalid report size (16384>32)
[86715:426185:0506/133210.638625:WARNING:services/device/public/cpp/hid/hid_collection.cc:250] encountered report item with invalid report size (16384>32)
[86715:426185:0506/133210.638652:WARNING:services/device/public/cpp/hid/hid_collection.cc:250] encountered report item with invalid report size (16384>32)
[86715:426185:0506/133210.638675:WARNING:services/device/public/cpp/hid/hid_collection.cc:250] encountered report item with invalid report size (16024>32)
[86715:426185:0506/133210.638678:WARNING:services/device/public/cpp/hid/hid_collection.cc:250] encountered report item with invalid report size (1048>32)
[86715:426185:0506/133210.638855:WARNING:services/device/public/cpp/hid/hid_collection.cc:250] encountered report item with invalid report size (50>32)
[86715:426185:0506/133211.146044:WARNING:chrome/browser/media/prefs/capture_device_ranking.h:256] Can't initialize the value of media.audio_input.user_preference_ranking because media.default_audio_capture_device isn't registered or is empty
[86715:426185:0506/133211.146072:WARNING:chrome/browser/media/prefs/capture_device_ranking.h:256] Can't initialize the value of media.video_input.user_preference_ranking because media.default_video_capture_Device isn't registered or is empty
[86715:426185:0506/133211.146083:WARNING:chrome/browser/media/prefs/capture_device_ranking.h:256] Can't initialize the value of media.audio_input.user_preference_ranking because media.default_audio_capture_device isn't registered or is empty
[86715:426185:0506/133211.146089:WARNING:chrome/browser/media/prefs/capture_device_ranking.h:256] Can't initialize the value of media.video_input.user_preference_ranking because media.default_video_capture_Device isn't registered or is empty
[86930:427318:0506/133213.206758:VERBOSE2:chrome/updater/event_history.cc:265] Emitted a UPDATER_PROCESS END event to the history log
[86930:427318:0506/133213.206801:VERBOSE1:chrome/updater/updater.cc:390] UpdaterMain (--crash-handler) returned 0.
[86927:427301:0506/133213.209315:VERBOSE2:chrome/updater/event_history.cc:265] Emitted a UPDATER_PROCESS END event to the history log
[86927:427301:0506/133213.209352:VERBOSE1:chrome/updater/updater.cc:390] UpdaterMain (--crash-handler) returned 0.
[86715:426185:0506/133222.108223:INFO:CONSOLE:0] "Blocked aria-hidden on an element because its descendant retained focus. The focus must not be hidden from assistive technology users. Avoid using aria-hidden on a focused element or its ancestor. Consider using the inert attribute instead, which will also prevent focus. For more details, see the aria-hidden section of the WAI-ARIA specification at https://w3c.github.io/aria/#aria-hidden.
Element with focus: <div.sZwd7c B6Vhqe>
Ancestor with aria-hidden: <div.TdwKnf>", source: https://accounts.google.com/v3/signin/identifier?continue=https://accounts.google.com/signin/chrome/sync/finish?est%3DABaQcjZSaxZ8s0brJbME8UNBI12YBiLsvujvRQac-1uaF2_nCdfFhqKXXF-YexA6wy8VdMCC3GSCHHyH17-27g%26continue%3Dhttps://www.google.com/&ssp=1&theme=mn&flowName=GlifDesktopChromeSync&dsh=S-1524260603:1778054527425910 (0)
[86715:426185:0506/133226.992207:ERROR:mojo/public/cpp/bindings/lib/interface_endpoint_client.cc:748] Message 5 rejected by interface blink.mojom.WidgetHost
[1778054547.282][INFO]: Failed to connect to Chrome. Attempting to kill it.
[86722:426343:0506/133227.334507:WARNING:net/extras/sqlite/sqlite_persistent_store_backend_base.cc:179] Failed to post task from FlushAndNotifyInBackground@net/extras/sqlite/sqlite_persistent_store_backend_base.cc:229 to client_task_runner_.
[86722:426343:0506/133227.335469:WARNING:net/extras/sqlite/sqlite_persistent_store_backend_base.cc:179] Failed to post task from FlushAndNotifyInBackground@net/extras/sqlite/sqlite_persistent_store_backend_base.cc:229 to client_task_runner_.
[1778054547.492][INFO]: [cb60f3bdebd7641dcc6952683c1a931e] RESPONSE InitSession ERROR session not created: DevToolsActivePort file doesn't exist
